22:10:35.460 [main] INFO  testCases.AccountRegistrationT0001 - ******    Starting AccountRegistrationT0001   *************
22:10:35.536 [main] INFO  testCases.AccountRegistrationT0001 - logo is present
22:10:35.547 [main] INFO  testCases.AccountRegistrationT0001 - Clicked on Login/Signup
22:10:38.652 [main] INFO  testCases.AccountRegistrationT0001 - Clicked on signup
22:10:39.121 [main] INFO  testCases.AccountRegistrationT0001 - Entered FirstName
22:10:39.361 [main] INFO  testCases.AccountRegistrationT0001 - Entered Lastname
22:10:42.281 [main] INFO  testCases.AccountRegistrationT0001 - Clicked  On Signup
22:10:42.420 [main] INFO  testCases.AccountRegistrationT0001 - Selected Male Gender
22:10:42.565 [main] INFO  testCases.AccountRegistrationT0001 - Entered Password
22:10:43.352 [main] INFO  testCases.AccountRegistrationT0001 - Entered DOB
22:10:43.452 [main] INFO  testCases.AccountRegistrationT0001 - Entered FirstName
22:10:43.669 [main] INFO  testCases.AccountRegistrationT0001 - Entered LastName
22:10:43.781 [main] INFO  testCases.AccountRegistrationT0001 - Enter Comapny Name
22:10:43.781 [main] INFO  testCases.AccountRegistrationT0001 - Now Entering Adrress
22:10:44.841 [main] INFO  testCases.AccountRegistrationT0001 - Address Entered
22:10:47.011 [main] INFO  testCases.AccountRegistrationT0001 - Clicked on Create Account
22:10:47.056 [main] INFO  testCases.AccountRegistrationT0001 - Logo is Present
22:10:47.062 [main] INFO  testCases.AccountRegistrationT0001 - ******    FinshedtRegistrationT0001   *************
22:29:34.111 [main] INFO  testCases.AccountRegistrationT0001 - ******    Starting AccountRegistrationT0001   *************
22:29:34.192 [main] INFO  testCases.AccountRegistrationT0001 - logo is present
22:29:34.209 [main] INFO  testCases.AccountRegistrationT0001 - Clicked on Login/Signup
22:29:35.729 [main] INFO  testCases.AccountRegistrationT0001 - Clicked on signup
22:29:35.991 [main] INFO  testCases.AccountRegistrationT0001 - Entered FirstName
22:29:36.151 [main] INFO  testCases.AccountRegistrationT0001 - Entered Lastname
22:29:38.493 [main] INFO  testCases.AccountRegistrationT0001 - Clicked  On Signup
22:29:38.712 [main] INFO  testCases.AccountRegistrationT0001 - Selected Male Gender
22:29:38.880 [main] INFO  testCases.AccountRegistrationT0001 - Entered Password
22:29:39.673 [main] INFO  testCases.AccountRegistrationT0001 - Entered DOB
22:29:39.824 [main] INFO  testCases.AccountRegistrationT0001 - Entered FirstName
22:29:39.961 [main] INFO  testCases.AccountRegistrationT0001 - Entered LastName
22:29:40.073 [main] INFO  testCases.AccountRegistrationT0001 - Enter Comapny Name
22:29:40.073 [main] INFO  testCases.AccountRegistrationT0001 - Now Entering Adrress
22:29:41.244 [main] INFO  testCases.AccountRegistrationT0001 - Address Entered
22:29:43.747 [main] INFO  testCases.AccountRegistrationT0001 - Clicked on Create Account
22:29:43.808 [main] INFO  testCases.AccountRegistrationT0001 - Logo is Present
22:29:43.814 [main] INFO  testCases.AccountRegistrationT0001 - ******    FinshedtRegistrationT0001   *************
22:51:48.852 [main] INFO  testCases.AccountRegistrationT0001 - ******    Starting AccountRegistrationT0001   *************
22:51:49.002 [main] INFO  testCases.AccountRegistrationT0001 - logo is present
22:51:49.007 [main] INFO  testCases.AccountRegistrationT0001 - Clicked on Login/Signup
22:51:50.061 [main] INFO  testCases.AccountRegistrationT0001 - Clicked on signup
22:51:50.234 [main] INFO  testCases.AccountRegistrationT0001 - Entered FirstName
22:51:50.319 [main] INFO  testCases.AccountRegistrationT0001 - Entered Lastname
22:51:52.084 [main] INFO  testCases.AccountRegistrationT0001 - Clicked  On Signup
22:51:52.113 [main] INFO  testCases.AccountRegistrationT0001 - Selected Male Gender
22:51:52.190 [main] INFO  testCases.AccountRegistrationT0001 - Entered Password
22:51:52.454 [main] INFO  testCases.AccountRegistrationT0001 - Entered DOB
22:51:52.525 [main] INFO  testCases.AccountRegistrationT0001 - Entered FirstName
22:51:52.570 [main] INFO  testCases.AccountRegistrationT0001 - Entered LastName
22:51:52.611 [main] INFO  testCases.AccountRegistrationT0001 - Enter Comapny Name
22:51:52.611 [main] INFO  testCases.AccountRegistrationT0001 - Now Entering Adrress
22:51:52.939 [main] INFO  testCases.AccountRegistrationT0001 - Address Entered
22:51:54.644 [main] INFO  testCases.AccountRegistrationT0001 - Clicked on Create Account
22:51:54.668 [main] INFO  testCases.AccountRegistrationT0001 - Logo is Present
22:51:54.670 [main] INFO  testCases.AccountRegistrationT0001 - ******    FinshedtRegistrationT0001   *************
22:57:51.011 [main] INFO  testCases.AccountRegistrationT0001 - ******    Starting AccountRegistrationT0001   *************
22:57:51.164 [main] INFO  testCases.AccountRegistrationT0001 - logo is present
22:57:51.173 [main] INFO  testCases.AccountRegistrationT0001 - Clicked on Login/Signup
22:57:52.208 [main] INFO  testCases.AccountRegistrationT0001 - Clicked on signup
22:57:52.373 [main] INFO  testCases.AccountRegistrationT0001 - Entered FirstName
22:57:52.464 [main] INFO  testCases.AccountRegistrationT0001 - Entered Lastname
22:57:53.100 [main] INFO  testCases.AccountRegistrationT0001 - Clicked  On Signup
22:57:53.146 [main] INFO  testCases.AccountRegistrationT0001 - Selected Male Gender
22:57:53.282 [main] INFO  testCases.AccountRegistrationT0001 - Entered Password
22:57:53.598 [main] INFO  testCases.AccountRegistrationT0001 - Entered DOB
22:57:53.637 [main] INFO  testCases.AccountRegistrationT0001 - Entered FirstName
22:57:53.683 [main] INFO  testCases.AccountRegistrationT0001 - Entered LastName
22:57:53.724 [main] INFO  testCases.AccountRegistrationT0001 - Enter Comapny Name
22:57:53.725 [main] INFO  testCases.AccountRegistrationT0001 - Now Entering Adrress
22:57:54.136 [main] INFO  testCases.AccountRegistrationT0001 - Address Entered
22:57:55.704 [main] INFO  testCases.AccountRegistrationT0001 - Clicked on Create Account
22:57:55.722 [main] INFO  testCases.AccountRegistrationT0001 - Logo is Present
22:57:55.724 [main] INFO  testCases.AccountRegistrationT0001 - ******    FinshedtRegistrationT0001   *************
22:58:00.037 [main] INFO  testCases.AccountRegistrationT0001 - ******    Starting AccountRegistrationT0001   *************
22:58:00.090 [main] INFO  testCases.AccountRegistrationT0001 - logo is present
22:58:00.093 [main] INFO  testCases.AccountRegistrationT0001 - Clicked on Login/Signup
22:58:01.932 [main] INFO  testCases.AccountRegistrationT0001 - Clicked on signup
22:58:02.195 [main] INFO  testCases.AccountRegistrationT0001 - Entered FirstName
22:58:02.326 [main] INFO  testCases.AccountRegistrationT0001 - Entered Lastname
22:58:03.119 [main] INFO  testCases.AccountRegistrationT0001 - Clicked  On Signup
22:58:03.170 [main] INFO  testCases.AccountRegistrationT0001 - Selected Male Gender
22:58:03.343 [main] INFO  testCases.AccountRegistrationT0001 - Entered Password
22:58:03.941 [main] INFO  testCases.AccountRegistrationT0001 - Entered DOB
22:58:04.028 [main] INFO  testCases.AccountRegistrationT0001 - Entered FirstName
22:58:04.126 [main] INFO  testCases.AccountRegistrationT0001 - Entered LastName
22:58:04.226 [main] INFO  testCases.AccountRegistrationT0001 - Enter Comapny Name
22:58:04.226 [main] INFO  testCases.AccountRegistrationT0001 - Now Entering Adrress
22:58:04.865 [main] INFO  testCases.AccountRegistrationT0001 - Address Entered
22:58:05.651 [main] INFO  testCases.AccountRegistrationT0001 - Clicked on Create Account
22:58:05.698 [main] INFO  testCases.AccountRegistrationT0001 - Logo is Present
22:58:05.698 [main] INFO  testCases.AccountRegistrationT0001 - ******    FinshedtRegistrationT0001   *************
23:01:37.811 [TestNG-tests-1] INFO  testCases.AccountRegistrationT0001 - ******    Starting AccountRegistrationT0001   *************
23:01:37.924 [TestNG-tests-1] INFO  testCases.AccountRegistrationT0001 - logo is present
23:01:37.932 [TestNG-tests-1] INFO  testCases.AccountRegistrationT0001 - Clicked on Login/Signup
23:01:38.741 [TestNG-tests-1] INFO  testCases.AccountRegistrationT0001 - Clicked on signup
23:01:39.080 [TestNG-tests-1] INFO  testCases.AccountRegistrationT0001 - Entered FirstName
23:01:39.294 [TestNG-tests-1] INFO  testCases.AccountRegistrationT0001 - Entered Lastname
23:01:39.311 [TestNG-tests-2] INFO  testCases.AccountRegistrationT0001 - ******    Starting AccountRegistrationT0001   *************
23:01:39.471 [TestNG-tests-2] INFO  testCases.AccountRegistrationT0001 - logo is present
23:01:39.477 [TestNG-tests-2] INFO  testCases.AccountRegistrationT0001 - Clicked on Login/Signup
23:01:40.345 [TestNG-tests-2] INFO  testCases.AccountRegistrationT0001 - Clicked on signup
23:01:40.684 [TestNG-tests-2] INFO  testCases.AccountRegistrationT0001 - Entered FirstName
23:01:40.792 [TestNG-tests-2] INFO  testCases.AccountRegistrationT0001 - Entered Lastname
23:01:41.469 [TestNG-tests-2] INFO  testCases.AccountRegistrationT0001 - Clicked  On Signup
23:01:41.476 [TestNG-tests-1] INFO  testCases.AccountRegistrationT0001 - Clicked  On Signup
23:01:41.545 [TestNG-tests-2] INFO  testCases.AccountRegistrationT0001 - Selected Male Gender
23:01:41.557 [TestNG-tests-1] INFO  testCases.AccountRegistrationT0001 - Selected Male Gender
23:01:41.846 [TestNG-tests-1] INFO  testCases.AccountRegistrationT0001 - Entered Password
23:01:41.989 [TestNG-tests-2] INFO  testCases.AccountRegistrationT0001 - Entered Password
23:01:43.189 [TestNG-tests-1] INFO  testCases.AccountRegistrationT0001 - Entered DOB
23:01:43.356 [TestNG-tests-1] INFO  testCases.AccountRegistrationT0001 - Entered FirstName
23:01:43.476 [TestNG-tests-2] INFO  testCases.AccountRegistrationT0001 - Entered DOB
23:01:43.550 [TestNG-tests-1] INFO  testCases.AccountRegistrationT0001 - Entered LastName
23:01:43.735 [TestNG-tests-2] INFO  testCases.AccountRegistrationT0001 - Entered FirstName
23:01:43.783 [TestNG-tests-1] INFO  testCases.AccountRegistrationT0001 - Enter Comapny Name
23:01:43.783 [TestNG-tests-1] INFO  testCases.AccountRegistrationT0001 - Now Entering Adrress
23:01:43.904 [TestNG-tests-2] INFO  testCases.AccountRegistrationT0001 - Entered LastName
23:01:44.089 [TestNG-tests-2] INFO  testCases.AccountRegistrationT0001 - Enter Comapny Name
23:01:44.090 [TestNG-tests-2] INFO  testCases.AccountRegistrationT0001 - Now Entering Adrress
23:01:45.070 [TestNG-tests-1] INFO  testCases.AccountRegistrationT0001 - Address Entered
23:01:45.628 [TestNG-tests-2] INFO  testCases.AccountRegistrationT0001 - Address Entered
23:01:47.355 [TestNG-tests-1] INFO  testCases.AccountRegistrationT0001 - Clicked on Create Account
23:01:47.607 [TestNG-tests-1] INFO  testCases.AccountRegistrationT0001 - Logo is Present
23:01:47.612 [TestNG-tests-1] INFO  testCases.AccountRegistrationT0001 - ******    FinshedtRegistrationT0001   *************
23:01:48.538 [TestNG-tests-2] INFO  testCases.AccountRegistrationT0001 - Clicked on Create Account
23:01:48.613 [TestNG-tests-2] INFO  testCases.AccountRegistrationT0001 - Logo is Present
23:01:48.614 [TestNG-tests-2] INFO  testCases.AccountRegistrationT0001 - ******    FinshedtRegistrationT0001   *************
23:13:49.243 [TestNG-tests-1] INFO  testCases.AccountRegistrationT0001 - ******    Starting AccountRegistrationT0001   *************
23:13:49.573 [TestNG-tests-1] INFO  testCases.AccountRegistrationT0001 - logo is present
23:13:49.599 [TestNG-tests-1] INFO  testCases.AccountRegistrationT0001 - Clicked on Login/Signup
23:13:50.361 [TestNG-tests-2] INFO  testCases.AccountRegistrationT0001 - ******    Starting AccountRegistrationT0001   *************
23:13:50.693 [TestNG-tests-2] INFO  testCases.AccountRegistrationT0001 - logo is present
23:13:50.697 [TestNG-tests-2] INFO  testCases.AccountRegistrationT0001 - Clicked on Login/Signup
23:13:50.751 [TestNG-tests-1] INFO  testCases.AccountRegistrationT0001 - Clicked on signup
23:13:51.247 [TestNG-tests-1] INFO  testCases.AccountRegistrationT0001 - Entered FirstName
23:13:51.372 [TestNG-tests-1] INFO  testCases.AccountRegistrationT0001 - Entered Lastname
23:13:51.681 [TestNG-tests-2] INFO  testCases.AccountRegistrationT0001 - Clicked on signup
23:13:52.092 [TestNG-tests-2] INFO  testCases.AccountRegistrationT0001 - Entered FirstName
23:13:52.218 [TestNG-tests-2] INFO  testCases.AccountRegistrationT0001 - Entered Lastname
23:13:54.204 [TestNG-tests-1] INFO  testCases.AccountRegistrationT0001 - Clicked  On Signup
23:13:54.257 [TestNG-tests-1] INFO  testCases.AccountRegistrationT0001 - Selected Male Gender
23:13:54.388 [TestNG-tests-1] INFO  testCases.AccountRegistrationT0001 - Entered Password
23:13:54.595 [TestNG-tests-2] INFO  testCases.AccountRegistrationT0001 - Clicked  On Signup
23:13:54.680 [TestNG-tests-2] INFO  testCases.AccountRegistrationT0001 - Selected Male Gender
23:13:54.840 [TestNG-tests-2] INFO  testCases.AccountRegistrationT0001 - Entered Password
23:13:55.082 [TestNG-tests-1] INFO  testCases.AccountRegistrationT0001 - Entered DOB
23:13:55.198 [TestNG-tests-1] INFO  testCases.AccountRegistrationT0001 - Entered FirstName
23:13:55.336 [TestNG-tests-1] INFO  testCases.AccountRegistrationT0001 - Entered LastName
23:13:55.433 [TestNG-tests-1] INFO  testCases.AccountRegistrationT0001 - Enter Comapny Name
23:13:55.433 [TestNG-tests-1] INFO  testCases.AccountRegistrationT0001 - Now Entering Adrress
23:13:55.700 [TestNG-tests-2] INFO  testCases.AccountRegistrationT0001 - Entered DOB
23:13:56.035 [TestNG-tests-2] INFO  testCases.AccountRegistrationT0001 - Entered FirstName
23:13:56.392 [TestNG-tests-2] INFO  testCases.AccountRegistrationT0001 - Entered LastName
23:13:56.611 [TestNG-tests-2] INFO  testCases.AccountRegistrationT0001 - Enter Comapny Name
23:13:56.611 [TestNG-tests-2] INFO  testCases.AccountRegistrationT0001 - Now Entering Adrress
23:13:57.029 [TestNG-tests-1] INFO  testCases.AccountRegistrationT0001 - Address Entered
23:13:57.915 [TestNG-tests-2] INFO  testCases.AccountRegistrationT0001 - Address Entered
23:13:58.297 [TestNG-tests-1] INFO  testCases.AccountRegistrationT0001 - Clicked on Create Account
23:13:59.326 [TestNG-tests-1] INFO  testCases.AccountRegistrationT0001 - Logo is Present
23:13:59.329 [TestNG-tests-1] INFO  testCases.AccountRegistrationT0001 - ******    FinshedtRegistrationT0001   *************
23:13:59.426 [TestNG-tests-2] INFO  testCases.AccountRegistrationT0001 - Clicked on Create Account
23:13:59.712 [TestNG-tests-2] INFO  testCases.AccountRegistrationT0001 - Logo is Present
23:13:59.712 [TestNG-tests-2] INFO  testCases.AccountRegistrationT0001 - ******    FinshedtRegistrationT0001   *************
23:14:49.732 [TestNG-tests-2] INFO  testCases.AccountRegistrationT0001 - ******    Starting AccountRegistrationT0001   *************
23:14:49.866 [TestNG-tests-2] INFO  testCases.AccountRegistrationT0001 - logo is present
23:14:49.881 [TestNG-tests-2] INFO  testCases.AccountRegistrationT0001 - Clicked on Login/Signup
23:14:51.491 [TestNG-tests-2] INFO  testCases.AccountRegistrationT0001 - Clicked on signup
23:14:51.844 [TestNG-tests-2] INFO  testCases.AccountRegistrationT0001 - Entered FirstName
23:14:51.991 [TestNG-tests-2] INFO  testCases.AccountRegistrationT0001 - Entered Lastname
23:14:52.737 [TestNG-tests-2] INFO  testCases.AccountRegistrationT0001 - Clicked  On Signup
23:14:52.802 [TestNG-tests-2] INFO  testCases.AccountRegistrationT0001 - Selected Male Gender
23:14:52.983 [TestNG-tests-2] INFO  testCases.AccountRegistrationT0001 - Entered Password
23:14:53.330 [TestNG-tests-2] INFO  testCases.AccountRegistrationT0001 - Entered DOB
23:14:53.432 [TestNG-tests-2] INFO  testCases.AccountRegistrationT0001 - Entered FirstName
23:14:53.495 [TestNG-tests-2] INFO  testCases.AccountRegistrationT0001 - Entered LastName
23:14:53.618 [TestNG-tests-2] INFO  testCases.AccountRegistrationT0001 - Enter Comapny Name
23:14:53.618 [TestNG-tests-2] INFO  testCases.AccountRegistrationT0001 - Now Entering Adrress
23:14:54.325 [TestNG-tests-2] INFO  testCases.AccountRegistrationT0001 - Address Entered
23:14:55.341 [TestNG-tests-2] INFO  testCases.AccountRegistrationT0001 - Clicked on Create Account
00:17:47.773 [TestNG-tests-1] INFO  testCases.AccountRegistrationT0001 - ******    Starting AccountRegistrationT0001   *************
00:17:48.701 [TestNG-tests-1] INFO  testCases.AccountRegistrationT0001 - logo is present
00:17:48.733 [TestNG-tests-1] INFO  testCases.AccountRegistrationT0001 - Clicked on Login/Signup
00:17:51.409 [TestNG-tests-2] INFO  testCases.AccountRegistrationT0001 - ******    Starting AccountRegistrationT0001   *************
00:17:51.491 [TestNG-tests-2] INFO  testCases.AccountRegistrationT0001 - logo is present
00:17:51.501 [TestNG-tests-2] INFO  testCases.AccountRegistrationT0001 - Clicked on Login/Signup
00:17:51.795 [TestNG-tests-1] INFO  testCases.AccountRegistrationT0001 - Clicked on signup
00:17:52.972 [TestNG-tests-1] INFO  testCases.AccountRegistrationT0001 - Entered FirstName
00:17:53.356 [TestNG-tests-1] INFO  testCases.AccountRegistrationT0001 - Entered Lastname
00:17:53.998 [TestNG-tests-2] INFO  testCases.AccountRegistrationT0001 - Clicked on signup
00:17:54.507 [TestNG-tests-2] INFO  testCases.AccountRegistrationT0001 - Entered FirstName
00:17:54.832 [TestNG-tests-2] INFO  testCases.AccountRegistrationT0001 - Entered Lastname
00:17:56.749 [TestNG-tests-1] INFO  testCases.AccountRegistrationT0001 - Clicked  On Signup
00:17:56.909 [TestNG-tests-1] INFO  testCases.AccountRegistrationT0001 - Selected Male Gender
00:17:57.143 [TestNG-tests-1] INFO  testCases.AccountRegistrationT0001 - Entered Password
00:17:58.203 [TestNG-tests-2] INFO  testCases.AccountRegistrationT0001 - Clicked  On Signup
00:17:58.214 [TestNG-tests-1] INFO  testCases.AccountRegistrationT0001 - Entered DOB
00:17:58.357 [TestNG-tests-1] INFO  testCases.AccountRegistrationT0001 - Entered FirstName
00:17:58.399 [TestNG-tests-2] INFO  testCases.AccountRegistrationT0001 - Selected Male Gender
00:17:58.529 [TestNG-tests-1] INFO  testCases.AccountRegistrationT0001 - Entered LastName
00:17:58.616 [TestNG-tests-2] INFO  testCases.AccountRegistrationT0001 - Entered Password
00:17:58.799 [TestNG-tests-1] INFO  testCases.AccountRegistrationT0001 - Enter Comapny Name
00:17:58.799 [TestNG-tests-1] INFO  testCases.AccountRegistrationT0001 - Now Entering Adrress
00:17:59.763 [TestNG-tests-2] INFO  testCases.AccountRegistrationT0001 - Entered DOB
00:17:59.979 [TestNG-tests-2] INFO  testCases.AccountRegistrationT0001 - Entered FirstName
00:18:00.278 [TestNG-tests-2] INFO  testCases.AccountRegistrationT0001 - Entered LastName
00:18:00.596 [TestNG-tests-1] INFO  testCases.AccountRegistrationT0001 - Address Entered
00:18:00.650 [TestNG-tests-2] INFO  testCases.AccountRegistrationT0001 - Enter Comapny Name
00:18:00.652 [TestNG-tests-2] INFO  testCases.AccountRegistrationT0001 - Now Entering Adrress
00:18:03.897 [TestNG-tests-2] INFO  testCases.AccountRegistrationT0001 - Address Entered
00:18:04.060 [TestNG-tests-1] INFO  testCases.AccountRegistrationT0001 - Clicked on Create Account
00:18:04.181 [TestNG-tests-1] INFO  testCases.AccountRegistrationT0001 - Logo is Present
00:18:06.731 [TestNG-tests-2] INFO  testCases.AccountRegistrationT0001 - Clicked on Create Account
00:18:06.768 [TestNG-tests-2] INFO  testCases.AccountRegistrationT0001 - Logo is Present
18:42:44.177 [TestNG-tests-1] INFO  testCases.AccountRegistrationT0001 - ******    Starting AccountRegistrationT0001   *************
18:42:45.009 [TestNG-tests-1] INFO  testCases.AccountRegistrationT0001 - logo is present
18:42:45.040 [TestNG-tests-1] INFO  testCases.AccountRegistrationT0001 - Clicked on Login/Signup
18:42:45.566 [TestNG-tests-2] INFO  testCases.AccountRegistrationT0001 - ******    Starting AccountRegistrationT0001   *************
18:42:45.768 [TestNG-tests-1] INFO  testCases.AccountRegistrationT0001 - Clicked on signup
18:42:45.785 [TestNG-tests-2] INFO  testCases.AccountRegistrationT0001 - logo is present
18:42:45.794 [TestNG-tests-2] INFO  testCases.AccountRegistrationT0001 - Clicked on Login/Signup
18:42:46.372 [TestNG-tests-1] INFO  testCases.AccountRegistrationT0001 - Entered FirstName
18:42:46.615 [TestNG-tests-1] INFO  testCases.AccountRegistrationT0001 - Entered Lastname
18:42:48.136 [TestNG-tests-2] INFO  testCases.AccountRegistrationT0001 - Clicked on signup
18:42:48.504 [TestNG-tests-2] INFO  testCases.AccountRegistrationT0001 - Entered FirstName
18:42:48.689 [TestNG-tests-2] INFO  testCases.AccountRegistrationT0001 - Entered Lastname
18:42:49.112 [TestNG-tests-1] INFO  testCases.AccountRegistrationT0001 - Clicked  On Signup
18:42:49.287 [TestNG-tests-1] INFO  testCases.AccountRegistrationT0001 - Selected Male Gender
18:42:49.383 [TestNG-tests-1] INFO  testCases.AccountRegistrationT0001 - Entered Password
18:42:49.995 [TestNG-tests-1] INFO  testCases.AccountRegistrationT0001 - Entered DOB
18:42:50.142 [TestNG-tests-1] INFO  testCases.AccountRegistrationT0001 - Entered FirstName
18:42:50.245 [TestNG-tests-1] INFO  testCases.AccountRegistrationT0001 - Entered LastName
18:42:50.370 [TestNG-tests-1] INFO  testCases.AccountRegistrationT0001 - Enter Comapny Name
18:42:50.370 [TestNG-tests-1] INFO  testCases.AccountRegistrationT0001 - Now Entering Adrress
18:42:51.220 [TestNG-tests-1] INFO  testCases.AccountRegistrationT0001 - Address Entered
18:42:51.510 [TestNG-tests-2] INFO  testCases.AccountRegistrationT0001 - Clicked  On Signup
18:42:51.609 [TestNG-tests-2] INFO  testCases.AccountRegistrationT0001 - Selected Male Gender
18:42:51.748 [TestNG-tests-2] INFO  testCases.AccountRegistrationT0001 - Entered Password
18:42:52.362 [TestNG-tests-2] INFO  testCases.AccountRegistrationT0001 - Entered DOB
18:42:52.504 [TestNG-tests-2] INFO  testCases.AccountRegistrationT0001 - Entered FirstName
18:42:52.653 [TestNG-tests-2] INFO  testCases.AccountRegistrationT0001 - Entered LastName
18:42:52.787 [TestNG-tests-2] INFO  testCases.AccountRegistrationT0001 - Enter Comapny Name
18:42:52.790 [TestNG-tests-2] INFO  testCases.AccountRegistrationT0001 - Now Entering Adrress
18:42:53.119 [TestNG-tests-1] INFO  testCases.AccountRegistrationT0001 - Clicked on Create Account
18:42:53.177 [TestNG-tests-1] INFO  testCases.AccountRegistrationT0001 - Logo is Present
18:42:54.088 [TestNG-tests-2] INFO  testCases.AccountRegistrationT0001 - Address Entered
18:42:55.135 [TestNG-tests-2] INFO  testCases.AccountRegistrationT0001 - Clicked on Create Account
18:42:55.338 [TestNG-tests-2] INFO  testCases.AccountRegistrationT0001 - Logo is Present
19:46:20.615 [TestNG-tests-1] INFO  testCases.AccountRegistrationT0001 - ******    Starting AccountRegistrationT0001   *************
19:46:20.749 [TestNG-tests-1] INFO  testCases.AccountRegistrationT0001 - logo is present
19:46:20.768 [TestNG-tests-1] INFO  testCases.AccountRegistrationT0001 - Clicked on Login/Signup
19:46:21.445 [TestNG-tests-2] INFO  testCases.AccountRegistrationT0001 - ******    Starting AccountRegistrationT0001   *************
19:46:21.707 [TestNG-tests-2] INFO  testCases.AccountRegistrationT0001 - logo is present
19:46:21.710 [TestNG-tests-2] INFO  testCases.AccountRegistrationT0001 - Clicked on Login/Signup
19:46:22.618 [TestNG-tests-2] INFO  testCases.AccountRegistrationT0001 - Clicked on signup
19:46:23.396 [TestNG-tests-1] INFO  testCases.AccountRegistrationT0001 - Clicked on signup
19:46:23.759 [TestNG-tests-1] INFO  testCases.AccountRegistrationT0001 - Entered FirstName
19:46:23.896 [TestNG-tests-1] INFO  testCases.AccountRegistrationT0001 - Entered Lastname
19:46:24.032 [TestNG-tests-2] INFO  testCases.AccountRegistrationT0001 - Entered FirstName
19:46:24.171 [TestNG-tests-2] INFO  testCases.AccountRegistrationT0001 - Entered Lastname
19:46:25.316 [TestNG-tests-1] INFO  testCases.AccountRegistrationT0001 - Clicked  On Signup
19:46:25.399 [TestNG-tests-1] INFO  testCases.AccountRegistrationT0001 - Selected Male Gender
19:46:25.555 [TestNG-tests-1] INFO  testCases.AccountRegistrationT0001 - Entered Password
19:46:25.873 [TestNG-tests-2] INFO  testCases.AccountRegistrationT0001 - Clicked  On Signup
19:46:26.071 [TestNG-tests-2] INFO  testCases.AccountRegistrationT0001 - Selected Male Gender
19:46:26.197 [TestNG-tests-2] INFO  testCases.AccountRegistrationT0001 - Entered Password
19:46:26.213 [TestNG-tests-1] INFO  testCases.AccountRegistrationT0001 - Entered DOB
19:46:26.314 [TestNG-tests-1] INFO  testCases.AccountRegistrationT0001 - Entered FirstName
19:46:26.535 [TestNG-tests-1] INFO  testCases.AccountRegistrationT0001 - Entered LastName
19:46:26.775 [TestNG-tests-1] INFO  testCases.AccountRegistrationT0001 - Enter Comapny Name
19:46:26.775 [TestNG-tests-1] INFO  testCases.AccountRegistrationT0001 - Now Entering Adrress
19:46:26.896 [TestNG-tests-2] INFO  testCases.AccountRegistrationT0001 - Entered DOB
19:46:26.993 [TestNG-tests-2] INFO  testCases.AccountRegistrationT0001 - Entered FirstName
19:46:27.091 [TestNG-tests-2] INFO  testCases.AccountRegistrationT0001 - Entered LastName
19:46:27.182 [TestNG-tests-2] INFO  testCases.AccountRegistrationT0001 - Enter Comapny Name
19:46:27.183 [TestNG-tests-2] INFO  testCases.AccountRegistrationT0001 - Now Entering Adrress
19:46:27.478 [TestNG-tests-1] INFO  testCases.AccountRegistrationT0001 - Address Entered
19:46:27.963 [TestNG-tests-2] INFO  testCases.AccountRegistrationT0001 - Address Entered
19:46:28.728 [TestNG-tests-2] INFO  testCases.AccountRegistrationT0001 - Clicked on Create Account
19:46:28.779 [TestNG-tests-2] INFO  testCases.AccountRegistrationT0001 - Logo is Present
19:46:28.781 [TestNG-tests-2] INFO  testCases.AccountRegistrationT0001 - ******    FinshedtRegistrationT0001   *************
19:46:28.858 [TestNG-tests-1] INFO  testCases.AccountRegistrationT0001 - Clicked on Create Account
19:46:28.893 [TestNG-tests-1] INFO  testCases.AccountRegistrationT0001 - Logo is Present
19:46:28.893 [TestNG-tests-1] INFO  testCases.AccountRegistrationT0001 - ******    FinshedtRegistrationT0001   *************
19:47:13.942 [TestNG-tests-1] INFO  testCases.AccountRegistrationT0001 - ******    Starting AccountRegistrationT0001   *************
19:47:14.235 [TestNG-tests-1] INFO  testCases.AccountRegistrationT0001 - logo is present
19:47:14.256 [TestNG-tests-1] INFO  testCases.AccountRegistrationT0001 - Clicked on Login/Signup
19:47:14.942 [TestNG-tests-2] INFO  testCases.AccountRegistrationT0001 - ******    Starting AccountRegistrationT0001   *************
19:47:14.991 [TestNG-tests-2] INFO  testCases.AccountRegistrationT0001 - logo is present
19:47:14.994 [TestNG-tests-2] INFO  testCases.AccountRegistrationT0001 - Clicked on Login/Signup
19:47:15.600 [TestNG-tests-1] INFO  testCases.AccountRegistrationT0001 - Clicked on signup
19:47:15.997 [TestNG-tests-1] INFO  testCases.AccountRegistrationT0001 - Entered FirstName
19:47:16.278 [TestNG-tests-1] INFO  testCases.AccountRegistrationT0001 - Entered Lastname
19:47:16.812 [TestNG-tests-2] INFO  testCases.AccountRegistrationT0001 - Clicked on signup
19:47:17.102 [TestNG-tests-2] INFO  testCases.AccountRegistrationT0001 - Entered FirstName
19:47:17.257 [TestNG-tests-2] INFO  testCases.AccountRegistrationT0001 - Entered Lastname
19:47:18.157 [TestNG-tests-2] INFO  testCases.AccountRegistrationT0001 - Clicked  On Signup
19:47:18.245 [TestNG-tests-2] INFO  testCases.AccountRegistrationT0001 - Selected Male Gender
19:47:18.491 [TestNG-tests-2] INFO  testCases.AccountRegistrationT0001 - Entered Password
19:47:18.868 [TestNG-tests-1] INFO  testCases.AccountRegistrationT0001 - Clicked  On Signup
19:47:18.945 [TestNG-tests-1] INFO  testCases.AccountRegistrationT0001 - Selected Male Gender
19:47:19.126 [TestNG-tests-1] INFO  testCases.AccountRegistrationT0001 - Entered Password
19:47:19.320 [TestNG-tests-2] INFO  testCases.AccountRegistrationT0001 - Entered DOB
19:47:19.636 [TestNG-tests-2] INFO  testCases.AccountRegistrationT0001 - Entered FirstName
19:47:19.753 [TestNG-tests-2] INFO  testCases.AccountRegistrationT0001 - Entered LastName
19:47:19.875 [TestNG-tests-2] INFO  testCases.AccountRegistrationT0001 - Enter Comapny Name
19:47:19.875 [TestNG-tests-2] INFO  testCases.AccountRegistrationT0001 - Now Entering Adrress
19:47:19.927 [TestNG-tests-1] INFO  testCases.AccountRegistrationT0001 - Entered DOB
19:47:20.063 [TestNG-tests-1] INFO  testCases.AccountRegistrationT0001 - Entered FirstName
19:47:20.175 [TestNG-tests-1] INFO  testCases.AccountRegistrationT0001 - Entered LastName
19:47:20.263 [TestNG-tests-1] INFO  testCases.AccountRegistrationT0001 - Enter Comapny Name
19:47:20.264 [TestNG-tests-1] INFO  testCases.AccountRegistrationT0001 - Now Entering Adrress
19:47:20.830 [TestNG-tests-2] INFO  testCases.AccountRegistrationT0001 - Address Entered
19:47:21.089 [TestNG-tests-1] INFO  testCases.AccountRegistrationT0001 - Address Entered
19:47:23.261 [TestNG-tests-2] INFO  testCases.AccountRegistrationT0001 - Clicked on Create Account
19:47:23.291 [TestNG-tests-2] INFO  testCases.AccountRegistrationT0001 - Logo is Present
19:47:23.292 [TestNG-tests-2] INFO  testCases.AccountRegistrationT0001 - ******    FinshedtRegistrationT0001   *************
19:47:24.105 [TestNG-tests-1] INFO  testCases.AccountRegistrationT0001 - Clicked on Create Account
19:47:24.133 [TestNG-tests-1] INFO  testCases.AccountRegistrationT0001 - Logo is Present
19:47:24.133 [TestNG-tests-1] INFO  testCases.AccountRegistrationT0001 - ******    FinshedtRegistrationT0001   *************
20:05:27.169 [main] INFO  testCases.AccountRegistrationT0001 - ******    Starting AccountRegistrationT0001   *************
20:05:27.256 [main] INFO  testCases.AccountRegistrationT0001 - logo is present
20:05:27.273 [main] INFO  testCases.AccountRegistrationT0001 - Clicked on Login/Signup
20:05:28.038 [main] INFO  testCases.AccountRegistrationT0001 - Clicked on signup
20:05:28.406 [main] INFO  testCases.AccountRegistrationT0001 - Entered FirstName
20:05:28.558 [main] INFO  testCases.AccountRegistrationT0001 - Entered Lastname
20:05:29.432 [main] INFO  testCases.AccountRegistrationT0001 - Clicked  On Signup
20:05:29.516 [main] INFO  testCases.AccountRegistrationT0001 - Selected Male Gender
20:05:29.723 [main] INFO  testCases.AccountRegistrationT0001 - Entered Password
20:05:30.142 [main] INFO  testCases.AccountRegistrationT0001 - Entered DOB
20:05:30.226 [main] INFO  testCases.AccountRegistrationT0001 - Entered FirstName
20:05:30.313 [main] INFO  testCases.AccountRegistrationT0001 - Entered LastName
20:05:30.416 [main] INFO  testCases.AccountRegistrationT0001 - Enter Comapny Name
20:05:30.416 [main] INFO  testCases.AccountRegistrationT0001 - Now Entering Adrress
20:05:31.234 [main] INFO  testCases.AccountRegistrationT0001 - Address Entered
20:05:32.750 [main] INFO  testCases.AccountRegistrationT0001 - Clicked on Create Account
20:05:32.836 [main] INFO  testCases.AccountRegistrationT0001 - Logo is Present
20:05:32.841 [main] INFO  testCases.AccountRegistrationT0001 - ******    FinshedtRegistrationT0001   *************
20:07:03.425 [main] INFO  testCases.AccountRegistrationT0001 - ******    Starting AccountRegistrationT0001   *************
20:07:03.605 [main] INFO  testCases.AccountRegistrationT0001 - logo is present
20:07:03.632 [main] INFO  testCases.AccountRegistrationT0001 - Clicked on Login/Signup
20:07:06.007 [main] INFO  testCases.AccountRegistrationT0001 - Clicked on signup
20:07:06.231 [main] INFO  testCases.AccountRegistrationT0001 - Entered FirstName
20:07:06.343 [main] INFO  testCases.AccountRegistrationT0001 - Entered Lastname
20:07:08.166 [main] INFO  testCases.AccountRegistrationT0001 - Clicked  On Signup
20:07:08.248 [main] INFO  testCases.AccountRegistrationT0001 - Selected Male Gender
20:07:08.401 [main] INFO  testCases.AccountRegistrationT0001 - Entered Password
20:07:09.072 [main] INFO  testCases.AccountRegistrationT0001 - Entered DOB
20:07:09.217 [main] INFO  testCases.AccountRegistrationT0001 - Entered FirstName
20:07:09.317 [main] INFO  testCases.AccountRegistrationT0001 - Entered LastName
20:07:09.407 [main] INFO  testCases.AccountRegistrationT0001 - Enter Comapny Name
20:07:09.407 [main] INFO  testCases.AccountRegistrationT0001 - Now Entering Adrress
20:07:10.497 [main] INFO  testCases.AccountRegistrationT0001 - Address Entered
20:07:12.092 [main] INFO  testCases.AccountRegistrationT0001 - Clicked on Create Account
20:07:12.149 [main] INFO  testCases.AccountRegistrationT0001 - Logo is Present
20:07:12.152 [main] INFO  testCases.AccountRegistrationT0001 - ******    FinshedtRegistrationT0001   *************
20:27:10.678 [main] INFO  testCases.AccountRegistrationT0001 - ******    Starting AccountRegistrationT0001   *************
20:27:10.757 [main] INFO  testCases.AccountRegistrationT0001 - logo is present
20:27:10.781 [main] INFO  testCases.AccountRegistrationT0001 - Clicked on Login/Signup
20:27:12.870 [main] INFO  testCases.AccountRegistrationT0001 - Clicked on signup
20:27:13.234 [main] INFO  testCases.AccountRegistrationT0001 - Entered FirstName
20:27:13.475 [main] INFO  testCases.AccountRegistrationT0001 - Entered Lastname
20:27:14.885 [main] INFO  testCases.AccountRegistrationT0001 - Clicked  On Signup
20:27:15.023 [main] INFO  testCases.AccountRegistrationT0001 - Selected Male Gender
20:27:15.168 [main] INFO  testCases.AccountRegistrationT0001 - Entered Password
20:27:15.935 [main] INFO  testCases.AccountRegistrationT0001 - Entered DOB
20:27:16.072 [main] INFO  testCases.AccountRegistrationT0001 - Entered FirstName
20:27:16.185 [main] INFO  testCases.AccountRegistrationT0001 - Entered LastName
20:27:16.323 [main] INFO  testCases.AccountRegistrationT0001 - Enter Comapny Name
20:27:16.323 [main] INFO  testCases.AccountRegistrationT0001 - Now Entering Adrress
20:27:17.501 [main] INFO  testCases.AccountRegistrationT0001 - Address Entered
20:27:19.804 [main] INFO  testCases.AccountRegistrationT0001 - Clicked on Create Account
20:27:19.854 [main] INFO  testCases.AccountRegistrationT0001 - Logo is Present
20:27:19.858 [main] INFO  testCases.AccountRegistrationT0001 - ******    FinshedtRegistrationT0001   *************
20:27:27.577 [main] INFO  testCases.LoginT0001 - ******    Starting AccountRegistrationT0001   *************
20:27:27.634 [main] INFO  testCases.LoginT0001 - logo is present
20:29:11.615 [main] INFO  testCases.AccountRegistrationT0001 - ******    Starting AccountRegistrationT0001   *************
20:29:11.687 [main] INFO  testCases.AccountRegistrationT0001 - logo is present
20:29:11.704 [main] INFO  testCases.AccountRegistrationT0001 - Clicked on Login/Signup
20:29:13.125 [main] INFO  testCases.AccountRegistrationT0001 - Clicked on signup
20:29:13.366 [main] INFO  testCases.AccountRegistrationT0001 - Entered FirstName
20:29:13.484 [main] INFO  testCases.AccountRegistrationT0001 - Entered Lastname
20:29:15.429 [main] INFO  testCases.AccountRegistrationT0001 - Clicked  On Signup
20:29:15.520 [main] INFO  testCases.AccountRegistrationT0001 - Selected Male Gender
20:29:15.650 [main] INFO  testCases.AccountRegistrationT0001 - Entered Password
20:29:16.335 [main] INFO  testCases.AccountRegistrationT0001 - Entered DOB
20:29:16.482 [main] INFO  testCases.AccountRegistrationT0001 - Entered FirstName
20:29:16.577 [main] INFO  testCases.AccountRegistrationT0001 - Entered LastName
20:29:16.676 [main] INFO  testCases.AccountRegistrationT0001 - Enter Comapny Name
20:29:16.676 [main] INFO  testCases.AccountRegistrationT0001 - Now Entering Adrress
20:29:17.686 [main] INFO  testCases.AccountRegistrationT0001 - Address Entered
20:29:20.471 [main] INFO  testCases.AccountRegistrationT0001 - Clicked on Create Account
20:29:20.521 [main] INFO  testCases.AccountRegistrationT0001 - Logo is Present
20:29:20.525 [main] INFO  testCases.AccountRegistrationT0001 - ******    FinshedtRegistrationT0001   *************
20:29:31.208 [main] INFO  testCases.LoginT0001 - ******    Starting AccountRegistrationT0001   *************
20:29:31.261 [main] INFO  testCases.LoginT0001 - logo is present
21:00:59.316 [main] INFO  testCases.AccountRegistrationT0001 - ******    Starting AccountRegistrationT0001   *************
21:00:59.405 [main] INFO  testCases.AccountRegistrationT0001 - logo is present
21:00:59.420 [main] INFO  testCases.AccountRegistrationT0001 - Clicked on Login/Signup
21:01:00.872 [main] INFO  testCases.AccountRegistrationT0001 - Clicked on signup
21:01:01.188 [main] INFO  testCases.AccountRegistrationT0001 - Entered FirstName
21:01:01.340 [main] INFO  testCases.AccountRegistrationT0001 - Entered Lastname
21:01:03.806 [main] INFO  testCases.AccountRegistrationT0001 - Clicked  On Signup
21:01:03.894 [main] INFO  testCases.AccountRegistrationT0001 - Selected Male Gender
21:01:04.049 [main] INFO  testCases.AccountRegistrationT0001 - Entered Password
21:01:04.725 [main] INFO  testCases.AccountRegistrationT0001 - Entered DOB
21:01:04.846 [main] INFO  testCases.AccountRegistrationT0001 - Entered FirstName
21:01:04.959 [main] INFO  testCases.AccountRegistrationT0001 - Entered LastName
21:01:05.087 [main] INFO  testCases.AccountRegistrationT0001 - Enter Comapny Name
21:01:05.088 [main] INFO  testCases.AccountRegistrationT0001 - Now Entering Adrress
21:01:06.144 [main] INFO  testCases.AccountRegistrationT0001 - Address Entered
21:01:08.359 [main] INFO  testCases.AccountRegistrationT0001 - Clicked on Create Account
21:01:08.406 [main] INFO  testCases.AccountRegistrationT0001 - Logo is Present
21:01:08.410 [main] INFO  testCases.AccountRegistrationT0001 - ******    FinshedtRegistrationT0001   *************
21:01:16.122 [main] INFO  testCases.LoginT0001 - ******    Starting AccountRegistrationT0001   *************
21:01:16.292 [main] INFO  testCases.LoginT0001 - logo is present
21:10:17.566 [main] INFO  testCases.AccountRegistrationT0001 - ******    Starting AccountRegistrationT0001   *************
21:10:17.651 [main] INFO  testCases.AccountRegistrationT0001 - logo is present
21:10:17.668 [main] INFO  testCases.AccountRegistrationT0001 - Clicked on Login/Signup
21:10:19.634 [main] INFO  testCases.AccountRegistrationT0001 - Clicked on signup
21:10:19.861 [main] INFO  testCases.AccountRegistrationT0001 - Entered FirstName
21:10:20.063 [main] INFO  testCases.AccountRegistrationT0001 - Entered Lastname
21:10:22.606 [main] INFO  testCases.AccountRegistrationT0001 - Clicked  On Signup
21:10:22.751 [main] INFO  testCases.AccountRegistrationT0001 - Selected Male Gender
21:10:22.907 [main] INFO  testCases.AccountRegistrationT0001 - Entered Password
21:10:23.682 [main] INFO  testCases.AccountRegistrationT0001 - Entered DOB
21:10:23.784 [main] INFO  testCases.AccountRegistrationT0001 - Entered FirstName
21:10:23.881 [main] INFO  testCases.AccountRegistrationT0001 - Entered LastName
21:10:24.031 [main] INFO  testCases.AccountRegistrationT0001 - Enter Comapny Name
21:10:24.031 [main] INFO  testCases.AccountRegistrationT0001 - Now Entering Adrress
21:10:25.043 [main] INFO  testCases.AccountRegistrationT0001 - Address Entered
21:10:27.035 [main] INFO  testCases.AccountRegistrationT0001 - Clicked on Create Account
21:10:27.082 [main] INFO  testCases.AccountRegistrationT0001 - Logo is Present
21:10:27.085 [main] INFO  testCases.AccountRegistrationT0001 - ******    FinshedtRegistrationT0001   *************
21:10:38.459 [main] INFO  testCases.LoginT0001 - ******    Starting AccountRegistrationT0001   *************
21:10:38.509 [main] INFO  testCases.LoginT0001 - logo is present
21:12:24.361 [main] INFO  testCases.AccountRegistrationT0001 - ******    Starting AccountRegistrationT0001   *************
21:12:24.576 [main] INFO  testCases.AccountRegistrationT0001 - logo is present
21:12:24.613 [main] INFO  testCases.AccountRegistrationT0001 - Clicked on Login/Signup
21:12:25.827 [main] INFO  testCases.AccountRegistrationT0001 - Clicked on signup
21:12:26.089 [main] INFO  testCases.AccountRegistrationT0001 - Entered FirstName
21:12:26.226 [main] INFO  testCases.AccountRegistrationT0001 - Entered Lastname
21:12:27.222 [main] INFO  testCases.AccountRegistrationT0001 - Clicked  On Signup
21:12:27.352 [main] INFO  testCases.AccountRegistrationT0001 - Selected Male Gender
21:12:27.437 [main] INFO  testCases.AccountRegistrationT0001 - Entered Password
21:12:27.998 [main] INFO  testCases.AccountRegistrationT0001 - Entered DOB
21:12:28.074 [main] INFO  testCases.AccountRegistrationT0001 - Entered FirstName
21:12:28.157 [main] INFO  testCases.AccountRegistrationT0001 - Entered LastName
21:12:28.265 [main] INFO  testCases.AccountRegistrationT0001 - Enter Comapny Name
21:12:28.265 [main] INFO  testCases.AccountRegistrationT0001 - Now Entering Adrress
21:12:29.063 [main] INFO  testCases.AccountRegistrationT0001 - Address Entered
21:12:30.056 [main] INFO  testCases.AccountRegistrationT0001 - Clicked on Create Account
21:12:30.249 [main] INFO  testCases.AccountRegistrationT0001 - Logo is Present
21:12:30.254 [main] INFO  testCases.AccountRegistrationT0001 - ******    FinshedtRegistrationT0001   *************
21:12:37.384 [main] INFO  testCases.LoginT0002 - ******    Starting AccountRegistrationT0001   *************
21:12:37.438 [main] INFO  testCases.LoginT0002 - logo is present
18:38:11.951 [main] INFO  testCases.AccountRegistrationT0001 - ******    Starting AccountRegistrationT0001   *************
18:38:12.263 [main] INFO  testCases.AccountRegistrationT0001 - logo is present
18:38:12.300 [main] INFO  testCases.AccountRegistrationT0001 - Clicked on Login/Signup
18:38:13.425 [main] INFO  testCases.AccountRegistrationT0001 - Clicked on signup
18:38:13.715 [main] INFO  testCases.AccountRegistrationT0001 - Entered FirstName
18:38:13.875 [main] INFO  testCases.AccountRegistrationT0001 - Entered Lastname
18:38:14.616 [main] INFO  testCases.AccountRegistrationT0001 - Clicked  On Signup
18:38:14.761 [main] INFO  testCases.AccountRegistrationT0001 - Selected Male Gender
18:38:14.862 [main] INFO  testCases.AccountRegistrationT0001 - Entered Password
18:38:15.349 [main] INFO  testCases.AccountRegistrationT0001 - Entered DOB
18:38:15.447 [main] INFO  testCases.AccountRegistrationT0001 - Entered FirstName
18:38:15.557 [main] INFO  testCases.AccountRegistrationT0001 - Entered LastName
18:38:15.631 [main] INFO  testCases.AccountRegistrationT0001 - Enter Comapny Name
18:38:15.631 [main] INFO  testCases.AccountRegistrationT0001 - Now Entering Adrress
18:38:16.295 [main] INFO  testCases.AccountRegistrationT0001 - Address Entered
18:38:17.539 [main] INFO  testCases.AccountRegistrationT0001 - Clicked on Create Account
18:38:17.576 [main] INFO  testCases.AccountRegistrationT0001 - Logo is Present
18:38:17.578 [main] INFO  testCases.AccountRegistrationT0001 - ******    FinshedtRegistrationT0001   *************
18:38:29.427 [main] INFO  testCases.LoginT0002 - ******    Starting AccountRegistrationT0001   *************
18:38:29.486 [main] INFO  testCases.LoginT0002 - logo is present
